<?xml version="1.0" encoding="UTF-8"?>
<!-- Generated by org.testng.reporters.JUnitXMLReporter -->
<testsuite hostname="DESKTOP-8VB0F45" ignored="24" name="Test" tests="7" failures="1" timestamp="05 Jan 2022 14:00:35 GMT" time="189.211" errors="0">
  <testcase name="signUpDetails" time="9.558" classname="com.testcases.signUpTest"/>
  <testcase name="homeUserProfile" time="11.971" classname="com.testcases.homePageTest"/>
  <testcase name="Login_TC_001" time="17.534" classname="com.testcases.loginPageTest">
    <failure type="java.lang.AssertionError" message="expected [TUDU1] but found [TUDU]">
      <![CDATA[java.lang.AssertionError: expected [TUDU1] but found [TUDU]
	at com.testcases.loginPageTest.Login_TC_001(loginPageTest.java:59)
... Removed 35 stack frames]]>
    </failure>
  </testcase> <!-- Login_TC_001 -->
  <testcase name="homeUserProfileLogout" time="12.122" classname="com.testcases.homePageTest"/>
  <testcase name="homeSearchProject" time="11.728" classname="com.testcases.homePageTest"/>
  <testcase name="NewProject" time="18.95" classname="com.testcases.createProjectPageTest"/>
  <testcase name="changePassword" time="15.628" classname="com.testcases.confirmPasswordPageTest"/>
  <testcase name="Login_TC_002" time="0.0" classname="com.testcases.loginPageTest">
    <ignored/>
  </testcase> <!-- Login_TC_002 -->
  <testcase name="homeHeaderSearchBar" time="0.0" classname="com.testcases.homePageTest">
    <ignored/>
  </testcase> <!-- homeHeaderSearchBar -->
  <testcase name="homeAddQuickCreatebtn" time="0.0" classname="com.testcases.homePageTest">
    <ignored/>
  </testcase> <!-- homeAddQuickCreatebtn -->
  <testcase name="validateSignUp" time="0.0" classname="com.testcases.loginPageTest">
    <ignored/>
  </testcase> <!-- validateSignUp -->
  <testcase name="homeTimesheet" time="0.0" classname="com.testcases.homePageTest">
    <ignored/>
  </testcase> <!-- homeTimesheet -->
  <testcase name="homeNotifcationIcon" time="0.0" classname="com.testcases.homePageTest">
    <ignored/>
  </testcase> <!-- homeNotifcationIcon -->
  <testcase name="validateForgotPassword" time="0.0" classname="com.testcases.loginPageTest">
    <ignored/>
  </testcase> <!-- validateForgotPassword -->
  <testcase name="homeProject" time="0.0" classname="com.testcases.homePageTest">
    <ignored/>
  </testcase> <!-- homeProject -->
  <testcase name="homeCreateProject" time="0.0" classname="com.testcases.homePageTest">
    <ignored/>
  </testcase> <!-- homeCreateProject -->
  <testcase name="@AfterSuite tearDown" time="0.0" classname="com.TestBase.TestBase">
    <ignored/>
  </testcase> <!-- @AfterSuite tearDown -->
  <testcase name="@AfterSuite tearDown" time="0.0" classname="com.TestBase.TestBase">
    <ignored/>
  </testcase> <!-- @AfterSuite tearDown -->
  <testcase name="@AfterSuite tearDown" time="0.0" classname="com.TestBase.TestBase">
    <ignored/>
  </testcase> <!-- @AfterSuite tearDown -->
  <testcase name="@AfterSuite tearDown" time="0.0" classname="com.TestBase.TestBase">
    <ignored/>
  </testcase> <!-- @AfterSuite tearDown -->
  <testcase name="@AfterSuite tearDown" time="0.0" classname="com.TestBase.TestBase">
    <ignored/>
  </testcase> <!-- @AfterSuite tearDown -->
  <testcase name="@BeforeSuite loadConfig" time="0.0" classname="com.TestBase.TestBase">
    <ignored/>
  </testcase> <!-- @BeforeSuite loadConfig -->
  <testcase name="@BeforeSuite loadConfig" time="0.0" classname="com.TestBase.TestBase">
    <ignored/>
  </testcase> <!-- @BeforeSuite loadConfig -->
  <testcase name="@BeforeSuite loadConfig" time="0.0" classname="com.TestBase.TestBase">
    <ignored/>
  </testcase> <!-- @BeforeSuite loadConfig -->
  <testcase name="@BeforeSuite loadConfig" time="0.0" classname="com.TestBase.TestBase">
    <ignored/>
  </testcase> <!-- @BeforeSuite loadConfig -->
  <testcase name="@BeforeSuite loadConfig" time="0.0" classname="com.TestBase.TestBase">
    <ignored/>
  </testcase> <!-- @BeforeSuite loadConfig -->
  <testcase name="homeWorkflow" time="0.0" classname="com.testcases.homePageTest">
    <ignored/>
  </testcase> <!-- homeWorkflow -->
  <testcase name="forgotPwdWorkEmail" time="0.0" classname="com.testcases.forgotPasswordPageTest">
    <ignored/>
  </testcase> <!-- forgotPwdWorkEmail -->
  <testcase name="createNewProject" time="0.0" classname="com.testcases.createProjectPageTest">
    <ignored/>
  </testcase> <!-- createNewProject -->
  <testcase name="homeAppSettings" time="0.0" classname="com.testcases.homePageTest">
    <ignored/>
  </testcase> <!-- homeAppSettings -->
  <testcase name="fogotPwdSubmit" time="0.0" classname="com.testcases.forgotPasswordPageTest">
    <ignored/>
  </testcase> <!-- fogotPwdSubmit -->
</testsuite> <!-- Test -->
