<?xml version="1.0" encoding="UTF-8"?>
<!-- Generated by org.testng.reporters.JUnitReportReporter -->
<testsuite name="com.testcases.createProjectPageTest" tests="1" time="21.735" ignored="24" failures="0" timestamp="16 Dec 2021 07:04:55 GMT" skipped="0" hostname="DESKTOP-8VB0F45" errors="1">
  <testcase name="NewProject" time="21.735" classname="com.testcases.createProjectPageTest">
    <error type="org.openqa.selenium.NoSuchElementException" message="no such element: Unable to locate element: {&quot;method&quot;:&quot;xpath&quot;,&quot;selector&quot;:&quot;//li[@class=&#039;multiselect-item-checkbox ng-star-inserted&#039;]&quot;}
  (Session info: chrome=96.0.4664.110)
For documentation on this error, please visit: https://www.seleniumhq.org/exceptions/no_such_element.html
Build info: version: &#039;3.141.59&#039;, revision: &#039;e82be7d358&#039;, time: &#039;2018-11-14T08:17:03&#039;
System info: host: &#039;DESKTOP-8VB0F45&#039;, ip: &#039;192.168.43.23&#039;, os.name: &#039;Windows 10&#039;, os.arch: &#039;amd64&#039;, os.version: &#039;10.0&#039;, java.version: &#039;1.8.0_311&#039;
Driver info: org.openqa.selenium.chrome.ChromeDriver
Capabilities {acceptInsecureCerts: false, browserName: chrome, browserVersion: 96.0.4664.110, chrome: {chromedriverVersion: 96.0.4664.45 (76e4c1bb2ab46..., userDataDir: C:\Users\Vikesh\AppData\Loc...}, goog:chromeOptions: {debuggerAddress: localhost:51137}, javascriptEnabled: true, networkConnectionEnabled: false, pageLoadStrategy: normal, platform: WINDOWS, platformName: WINDOWS, proxy: Proxy(), setWindowRect: true, strictFileInteractability: false, timeouts: {implicit: 0, pageLoad: 300000, script: 30000}, unhandledPromptBehavior: dismiss and notify, webauthn:extension:credBlob: true, webauthn:extension:largeBlob: true, webauthn:virtualAuthenticators: true}
Session ID: 73eb873b57ccca7897ad73cf0e300c5c
*** Element info: {Using=xpath, value=//li[@class=&#039;multiselect-item-checkbox ng-star-inserted&#039;]}">
      <![CDATA[org.openqa.selenium.NoSuchElementException: no such element: Unable to locate element: {"method":"xpath","selector":"//li[@class='multiselect-item-checkbox ng-star-inserted']"}
  (Session info: chrome=96.0.4664.110)
For documentation on this error, please visit: https://www.seleniumhq.org/exceptions/no_such_element.html
Build info: version: '3.141.59', revision: 'e82be7d358', time: '2018-11-14T08:17:03'
System info: host: 'DESKTOP-8VB0F45', ip: '192.168.43.23', os.name: 'Windows 10', os.arch: 'amd64', os.version: '10.0', java.version: '1.8.0_311'
Driver info: org.openqa.selenium.chrome.ChromeDriver
Capabilities {acceptInsecureCerts: false, browserName: chrome, browserVersion: 96.0.4664.110, chrome: {chromedriverVersion: 96.0.4664.45 (76e4c1bb2ab46..., userDataDir: C:\Users\Vikesh\AppData\Loc...}, goog:chromeOptions: {debuggerAddress: localhost:51137}, javascriptEnabled: true, networkConnectionEnabled: false, pageLoadStrategy: normal, platform: WINDOWS, platformName: WINDOWS, proxy: Proxy(), setWindowRect: true, strictFileInteractability: false, timeouts: {implicit: 0, pageLoad: 300000, script: 30000}, unhandledPromptBehavior: dismiss and notify, webauthn:extension:credBlob: true, webauthn:extension:largeBlob: true, webauthn:virtualAuthenticators: true}
Session ID: 73eb873b57ccca7897ad73cf0e300c5c
*** Element info: {Using=xpath, value=//li[@class='multiselect-item-checkbox ng-star-inserted']}
	at sun.reflect.NativeConstructorAccessorImpl.newInstance0(Native Method)
	at sun.reflect.NativeConstructorAccessorImpl.newInstance(NativeConstructorAccessorImpl.java:62)
	at sun.reflect.DelegatingConstructorAccessorImpl.newInstance(DelegatingConstructorAccessorImpl.java:45)
	at java.lang.reflect.Constructor.newInstance(Constructor.java:423)
	at org.openqa.selenium.remote.http.W3CHttpResponseCodec.createException(W3CHttpResponseCodec.java:187)
	at org.openqa.selenium.remote.http.W3CHttpResponseCodec.decode(W3CHttpResponseCodec.java:122)
	at org.openqa.selenium.remote.http.W3CHttpResponseCodec.decode(W3CHttpResponseCodec.java:49)
	at org.openqa.selenium.remote.HttpCommandExecutor.execute(HttpCommandExecutor.java:158)
	at org.openqa.selenium.remote.service.DriverCommandExecutor.execute(DriverCommandExecutor.java:83)
	at org.openqa.selenium.remote.RemoteWebDriver.execute(RemoteWebDriver.java:552)
	at org.openqa.selenium.remote.RemoteWebDriver.findElement(RemoteWebDriver.java:323)
	at org.openqa.selenium.remote.RemoteWebDriver.findElementByXPath(RemoteWebDriver.java:428)
	at org.openqa.selenium.By$ByXPath.findElement(By.java:353)
	at org.openqa.selenium.remote.RemoteWebDriver.findElement(RemoteWebDriver.java:315)
	at org.openqa.selenium.support.pagefactory.DefaultElementLocator.findElement(DefaultElementLocator.java:69)
	at org.openqa.selenium.support.pagefactory.internal.LocatingElementHandler.invoke(LocatingElementHandler.java:38)
	at com.sun.proxy.$Proxy12.click(Unknown Source)
	at com.TuduApp.pages.createProjectPage.validateselectMemberSearchFirstValue(createProjectPage.java:124)
	at com.testcases.createProjectPageTest.NewProject(createProjectPageTest.java:63)
	at sun.reflect.NativeMethodAccessorImpl.invoke0(Native Method)
	at sun.reflect.NativeMethodAccessorImpl.invoke(NativeMethodAccessorImpl.java:62)
	at sun.reflect.DelegatingMethodAccessorImpl.invoke(DelegatingMethodAccessorImpl.java:43)
	at java.lang.reflect.Method.invoke(Method.java:498)
	at org.testng.internal.MethodInvocationHelper.invokeMethod(MethodInvocationHelper.java:104)
	at org.testng.internal.Invoker.invokeMethod(Invoker.java:645)
	at org.testng.internal.Invoker.invokeTestMethod(Invoker.java:851)
	at org.testng.internal.Invoker.invokeTestMethods(Invoker.java:1177)
	at org.testng.internal.TestMethodWorker.invokeTestMethods(TestMethodWorker.java:129)
	at org.testng.internal.TestMethodWorker.run(TestMethodWorker.java:112)
	at org.testng.TestRunner.privateRun(TestRunner.java:756)
	at org.testng.TestRunner.run(TestRunner.java:610)
	at org.testng.SuiteRunner.runTest(SuiteRunner.java:387)
	at org.testng.SuiteRunner.runSequentially(SuiteRunner.java:382)
	at org.testng.SuiteRunner.privateRun(SuiteRunner.java:340)
	at org.testng.SuiteRunner.run(SuiteRunner.java:289)
	at org.testng.SuiteRunnerWorker.runSuite(SuiteRunnerWorker.java:52)
	at org.testng.SuiteRunnerWorker.run(SuiteRunnerWorker.java:86)
	at org.testng.TestNG.runSuitesSequentially(TestNG.java:1293)
	at org.testng.TestNG.runSuitesLocally(TestNG.java:1218)
	at org.testng.TestNG.runSuites(TestNG.java:1133)
	at org.testng.TestNG.run(TestNG.java:1104)
	at org.testng.remote.AbstractRemoteTestNG.run(AbstractRemoteTestNG.java:115)
	at org.testng.remote.RemoteTestNG.initAndRun(RemoteTestNG.java:251)
	at org.testng.remote.RemoteTestNG.main(RemoteTestNG.java:77)
]]>
    </error>
  </testcase> <!-- NewProject -->
  <testcase name="validateForgotPassword" classname="com.testcases.loginPageTest">
    <skipped/>
  </testcase> <!-- validateForgotPassword -->
  <testcase name="Login_TC_002" classname="com.testcases.loginPageTest">
    <skipped/>
  </testcase> <!-- Login_TC_002 -->
  <testcase name="validateSignUp" classname="com.testcases.loginPageTest">
    <skipped/>
  </testcase> <!-- validateSignUp -->
  <testcase name="tearDown" classname="com.TestBase.TestBase">
    <skipped/>
  </testcase> <!-- tearDown -->
  <testcase name="tearDown" classname="com.TestBase.TestBase">
    <skipped/>
  </testcase> <!-- tearDown -->
  <testcase name="tearDown" classname="com.TestBase.TestBase">
    <skipped/>
  </testcase> <!-- tearDown -->
  <testcase name="tearDown" classname="com.TestBase.TestBase">
    <skipped/>
  </testcase> <!-- tearDown -->
  <testcase name="tearDown" classname="com.TestBase.TestBase">
    <skipped/>
  </testcase> <!-- tearDown -->
  <testcase name="loadConfig" classname="com.TestBase.TestBase">
    <skipped/>
  </testcase> <!-- loadConfig -->
  <testcase name="loadConfig" classname="com.TestBase.TestBase">
    <skipped/>
  </testcase> <!-- loadConfig -->
  <testcase name="loadConfig" classname="com.TestBase.TestBase">
    <skipped/>
  </testcase> <!-- loadConfig -->
  <testcase name="loadConfig" classname="com.TestBase.TestBase">
    <skipped/>
  </testcase> <!-- loadConfig -->
  <testcase name="loadConfig" classname="com.TestBase.TestBase">
    <skipped/>
  </testcase> <!-- loadConfig -->
  <testcase name="homeProject" classname="com.testcases.homePageTest">
    <skipped/>
  </testcase> <!-- homeProject -->
  <testcase name="homeUserProfile" classname="com.testcases.homePageTest">
    <skipped/>
  </testcase> <!-- homeUserProfile -->
  <testcase name="homeCreateProject" classname="com.testcases.homePageTest">
    <skipped/>
  </testcase> <!-- homeCreateProject -->
  <testcase name="homeAddQuickCreatebtn" classname="com.testcases.homePageTest">
    <skipped/>
  </testcase> <!-- homeAddQuickCreatebtn -->
  <testcase name="homeTimesheet" classname="com.testcases.homePageTest">
    <skipped/>
  </testcase> <!-- homeTimesheet -->
  <testcase name="homeWorkflow" classname="com.testcases.homePageTest">
    <skipped/>
  </testcase> <!-- homeWorkflow -->
  <testcase name="homeNotifcationIcon" classname="com.testcases.homePageTest">
    <skipped/>
  </testcase> <!-- homeNotifcationIcon -->
  <testcase name="homeAppSettings" classname="com.testcases.homePageTest">
    <skipped/>
  </testcase> <!-- homeAppSettings -->
  <testcase name="homeSearchProject" classname="com.testcases.homePageTest">
    <skipped/>
  </testcase> <!-- homeSearchProject -->
  <testcase name="fogotPwdSubmit" classname="com.testcases.forgotPasswordPageTest">
    <skipped/>
  </testcase> <!-- fogotPwdSubmit -->
  <testcase name="createNewProject" classname="com.testcases.createProjectPageTest">
    <skipped/>
  </testcase> <!-- createNewProject -->
</testsuite> <!-- com.testcases.createProjectPageTest -->
