<?xml version="1.0" encoding="UTF-8"?>
<!-- Generated by org.testng.reporters.JUnitXMLReporter -->
<testsuite hostname="DESKTOP-8VB0F45" ignored="23" name="Test" tests="5" failures="0" timestamp="03 Jan 2022 13:27:57 GMT" time="57.198" errors="0">
  <testcase name="@BeforeMethod setup" time="0.0" classname="com.testcases.createProjectPageTest">
    <failure type="org.openqa.selenium.NoSuchElementException" message="no such element: Unable to locate element: {&amp;quot;method&amp;quot;:&amp;quot;xpath&amp;quot;,&amp;quot;selector&amp;quot;:&amp;quot;//mat-icon[text()=&amp;apos;close&amp;apos;]&amp;quot;}
  (Session info: chrome=96.0.4664.110)
For documentation on this error, please visit: https://www.seleniumhq.org/exceptions/no_such_element.html
Build info: version: &amp;apos;3.141.59&amp;apos;, revision: &amp;apos;e82be7d358&amp;apos;, time: &amp;apos;2018-11-14T08:17:03&amp;apos;
System info: host: &amp;apos;DESKTOP-8VB0F45&amp;apos;, ip: &amp;apos;192.168.43.23&amp;apos;, os.name: &amp;apos;Windows 10&amp;apos;, os.arch: &amp;apos;amd64&amp;apos;, os.version: &amp;apos;10.0&amp;apos;, java.version: &amp;apos;1.8.0_311&amp;apos;
Driver info: org.openqa.selenium.chrome.ChromeDriver
Capabilities {acceptInsecureCerts: false, browserName: chrome, browserVersion: 96.0.4664.110, chrome: {chromedriverVersion: 96.0.4664.45 (76e4c1bb2ab46..., userDataDir: C:\Users\Vikesh\AppData\Loc...}, goog:chromeOptions: {debuggerAddress: localhost:65386}, javascriptEnabled: true, networkConnectionEnabled: false, pageLoadStrategy: normal, platform: WINDOWS, platformName: WINDOWS, proxy: Proxy(), setWindowRect: true, strictFileInteractability: false, timeouts: {implicit: 0, pageLoad: 300000, script: 30000}, unhandledPromptBehavior: dismiss and notify, webauthn:extension:credBlob: true, webauthn:extension:largeBlob: true, webauthn:virtualAuthenticators: true}
Session ID: ef2f956e382b3552c3368688485e46b6
*** Element info: {Using=xpath, value=//mat-icon[text()=&amp;apos;close&amp;apos;]}">
      <![CDATA[org.openqa.selenium.NoSuchElementException: no such element: Unable to locate element: {"method":"xpath","selector":"//mat-icon[text()='close']"}
  (Session info: chrome=96.0.4664.110)
For documentation on this error, please visit: https://www.seleniumhq.org/exceptions/no_such_element.html
Build info: version: '3.141.59', revision: 'e82be7d358', time: '2018-11-14T08:17:03'
System info: host: 'DESKTOP-8VB0F45', ip: '192.168.43.23', os.name: 'Windows 10', os.arch: 'amd64', os.version: '10.0', java.version: '1.8.0_311'
Driver info: org.openqa.selenium.chrome.ChromeDriver
Capabilities {acceptInsecureCerts: false, browserName: chrome, browserVersion: 96.0.4664.110, chrome: {chromedriverVersion: 96.0.4664.45 (76e4c1bb2ab46..., userDataDir: C:\Users\Vikesh\AppData\Loc...}, goog:chromeOptions: {debuggerAddress: localhost:65386}, javascriptEnabled: true, networkConnectionEnabled: false, pageLoadStrategy: normal, platform: WINDOWS, platformName: WINDOWS, proxy: Proxy(), setWindowRect: true, strictFileInteractability: false, timeouts: {implicit: 0, pageLoad: 300000, script: 30000}, unhandledPromptBehavior: dismiss and notify, webauthn:extension:credBlob: true, webauthn:extension:largeBlob: true, webauthn:virtualAuthenticators: true}
Session ID: ef2f956e382b3552c3368688485e46b6
*** Element info: {Using=xpath, value=//mat-icon[text()='close']}
	at org.openqa.selenium.remote.http.W3CHttpResponseCodec.createException(W3CHttpResponseCodec.java:187)
	at org.openqa.selenium.remote.http.W3CHttpResponseCodec.decode(W3CHttpResponseCodec.java:122)
	at org.openqa.selenium.remote.http.W3CHttpResponseCodec.decode(W3CHttpResponseCodec.java:49)
	at org.openqa.selenium.remote.HttpCommandExecutor.execute(HttpCommandExecutor.java:158)
	at org.openqa.selenium.remote.service.DriverCommandExecutor.execute(DriverCommandExecutor.java:83)
	at org.openqa.selenium.remote.RemoteWebDriver.execute(RemoteWebDriver.java:552)
	at org.openqa.selenium.remote.RemoteWebDriver.findElement(RemoteWebDriver.java:323)
	at org.openqa.selenium.remote.RemoteWebDriver.findElementByXPath(RemoteWebDriver.java:428)
	at org.openqa.selenium.By$ByXPath.findElement(By.java:353)
	at org.openqa.selenium.remote.RemoteWebDriver.findElement(RemoteWebDriver.java:315)
	at org.openqa.selenium.support.pagefactory.DefaultElementLocator.findElement(DefaultElementLocator.java:69)
	at org.openqa.selenium.support.pagefactory.internal.LocatingElementHandler.invoke(LocatingElementHandler.java:38)
	at com.sun.proxy.$Proxy12.click(Unknown Source)
	at com.TuduApp.pages.homePage.ValidateWarningClose(homePage.java:130)
	at com.testcases.createProjectPageTest.pageObj(createProjectPageTest.java:30)
	at com.testcases.createProjectPageTest.setup(createProjectPageTest.java:22)
... Removed 31 stack frames]]>
    </failure>
  </testcase> <!-- @BeforeMethod setup -->
  <testcase name="@AfterMethod teardown" time="0.0" classname="com.testcases.createProjectPageTest">
    <skipped/>
  </testcase> <!-- @AfterMethod teardown -->
  <testcase name="@AfterMethod tearDown" time="0.0" classname="com.TestBase.TestBase">
    <skipped/>
  </testcase> <!-- @AfterMethod tearDown -->
  <testcase name="@BeforeMethod setup" time="0.0" classname="com.testcases.homePageTest">
    <skipped/>
  </testcase> <!-- @BeforeMethod setup -->
  <testcase name="@AfterMethod teardown" time="0.0" classname="com.testcases.homePageTest">
    <skipped/>
  </testcase> <!-- @AfterMethod teardown -->
  <testcase name="@AfterMethod tearDown" time="0.0" classname="com.TestBase.TestBase">
    <skipped/>
  </testcase> <!-- @AfterMethod tearDown -->
  <testcase name="forgotPwdWorkEmail" time="0.37" classname="com.testcases.forgotPasswordPageTest"/>
  <testcase name="signUpDetails" time="1.202" classname="com.testcases.signUpTest"/>
  <testcase name="signUpDetails" time="1.133" classname="com.testcases.signUpTest"/>
  <testcase name="NewProject" time="0.002" classname="com.testcases.createProjectPageTest">
    <skipped/>
  </testcase> <!-- NewProject -->
  <testcase name="homeHeaderSearchBar" time="0.004" classname="com.testcases.homePageTest">
    <skipped/>
  </testcase> <!-- homeHeaderSearchBar -->
  <testcase name="Login_TC_002" time="0.0" classname="com.testcases.loginPageTest">
    <ignored/>
  </testcase> <!-- Login_TC_002 -->
  <testcase name="Login_TC_001" time="0.0" classname="com.testcases.loginPageTest">
    <ignored/>
  </testcase> <!-- Login_TC_001 -->
  <testcase name="homeAddQuickCreatebtn" time="0.0" classname="com.testcases.homePageTest">
    <ignored/>
  </testcase> <!-- homeAddQuickCreatebtn -->
  <testcase name="validateSignUp" time="0.0" classname="com.testcases.loginPageTest">
    <ignored/>
  </testcase> <!-- validateSignUp -->
  <testcase name="homeTimesheet" time="0.0" classname="com.testcases.homePageTest">
    <ignored/>
  </testcase> <!-- homeTimesheet -->
  <testcase name="homeNotifcationIcon" time="0.0" classname="com.testcases.homePageTest">
    <ignored/>
  </testcase> <!-- homeNotifcationIcon -->
  <testcase name="homeSearchProject" time="0.0" classname="com.testcases.homePageTest">
    <ignored/>
  </testcase> <!-- homeSearchProject -->
  <testcase name="validateForgotPassword" time="0.0" classname="com.testcases.loginPageTest">
    <ignored/>
  </testcase> <!-- validateForgotPassword -->
  <testcase name="homeProject" time="0.0" classname="com.testcases.homePageTest">
    <ignored/>
  </testcase> <!-- homeProject -->
  <testcase name="homeUserProfile" time="0.0" classname="com.testcases.homePageTest">
    <ignored/>
  </testcase> <!-- homeUserProfile -->
  <testcase name="homeCreateProject" time="0.0" classname="com.testcases.homePageTest">
    <ignored/>
  </testcase> <!-- homeCreateProject -->
  <testcase name="@AfterSuite tearDown" time="0.0" classname="com.TestBase.TestBase">
    <ignored/>
  </testcase> <!-- @AfterSuite tearDown -->
  <testcase name="@AfterSuite tearDown" time="0.0" classname="com.TestBase.TestBase">
    <ignored/>
  </testcase> <!-- @AfterSuite tearDown -->
  <testcase name="@AfterSuite tearDown" time="0.0" classname="com.TestBase.TestBase">
    <ignored/>
  </testcase> <!-- @AfterSuite tearDown -->
  <testcase name="@AfterSuite tearDown" time="0.0" classname="com.TestBase.TestBase">
    <ignored/>
  </testcase> <!-- @AfterSuite tearDown -->
  <testcase name="@BeforeSuite loadConfig" time="0.0" classname="com.TestBase.TestBase">
    <ignored/>
  </testcase> <!-- @BeforeSuite loadConfig -->
  <testcase name="@BeforeSuite loadConfig" time="0.0" classname="com.TestBase.TestBase">
    <ignored/>
  </testcase> <!-- @BeforeSuite loadConfig -->
  <testcase name="@BeforeSuite loadConfig" time="0.0" classname="com.TestBase.TestBase">
    <ignored/>
  </testcase> <!-- @BeforeSuite loadConfig -->
  <testcase name="@BeforeSuite loadConfig" time="0.0" classname="com.TestBase.TestBase">
    <ignored/>
  </testcase> <!-- @BeforeSuite loadConfig -->
  <testcase name="homeWorkflow" time="0.0" classname="com.testcases.homePageTest">
    <ignored/>
  </testcase> <!-- homeWorkflow -->
  <testcase name="createNewProject" time="0.0" classname="com.testcases.createProjectPageTest">
    <ignored/>
  </testcase> <!-- createNewProject -->
  <testcase name="homeAppSettings" time="0.0" classname="com.testcases.homePageTest">
    <ignored/>
  </testcase> <!-- homeAppSettings -->
  <testcase name="fogotPwdSubmit" time="0.0" classname="com.testcases.forgotPasswordPageTest">
    <ignored/>
  </testcase> <!-- fogotPwdSubmit -->
</testsuite> <!-- Test -->
