<?xml version="1.0" encoding="UTF-8"?>
<testng-results skipped="0" failed="2" ignored="24" total="30" passed="4">
  <reporter-output>
  </reporter-output>
  <suite name="Surefire suite" duration-ms="85147" started-at="2021-12-16T06:22:26Z" finished-at="2021-12-16T06:23:51Z">
    <groups>
    </groups>
    <test name="Surefire test" duration-ms="85147" started-at="2021-12-16T06:22:26Z" finished-at="2021-12-16T06:23:51Z">
      <class name="com.testcases.loginPageTest">
        <test-method status="PASS" signature="setup()[pri:0, instance:com.testcases.loginPageTest@26ba2a48]" name="setup" is-config="true" duration-ms="6526" started-at="2021-12-16T11:53:12Z" finished-at="2021-12-16T11:53:18Z">
          <reporter-output>
          </reporter-output>
        </test-method> <!-- setup -->
        <test-method status="FAIL" signature="Login_TC_001()[pri:0, instance:com.testcases.loginPageTest@26ba2a48]" name="Login_TC_001" duration-ms="17662" started-at="2021-12-16T11:53:18Z" finished-at="2021-12-16T11:53:36Z">
          <exception class="java.lang.AssertionError">
            <message>
              <![CDATA[expected [TUDU1] but found [TUDU]]]>
            </message>
            <full-stacktrace>
              <![CDATA[java.lang.AssertionError: expected [TUDU1] but found [TUDU]
	at org.testng.Assert.fail(Assert.java:94)
	at org.testng.Assert.failNotEquals(Assert.java:513)
	at org.testng.Assert.assertEqualsImpl(Assert.java:135)
	at org.testng.Assert.assertEquals(Assert.java:116)
	at org.testng.Assert.assertEquals(Assert.java:190)
	at org.testng.Assert.assertEquals(Assert.java:200)
	at com.testcases.loginPageTest.Login_TC_001(loginPageTest.java:57)
	at sun.reflect.NativeMethodAccessorImpl.invoke0(Native Method)
	at sun.reflect.NativeMethodAccessorImpl.invoke(NativeMethodAccessorImpl.java:62)
	at sun.reflect.DelegatingMethodAccessorImpl.invoke(DelegatingMethodAccessorImpl.java:43)
	at java.lang.reflect.Method.invoke(Method.java:498)
	at org.testng.internal.MethodInvocationHelper.invokeMethod(MethodInvocationHelper.java:104)
	at org.testng.internal.Invoker.invokeMethod(Invoker.java:645)
	at org.testng.internal.Invoker.invokeTestMethod(Invoker.java:851)
	at org.testng.internal.Invoker.invokeTestMethods(Invoker.java:1177)
	at org.testng.internal.TestMethodWorker.invokeTestMethods(TestMethodWorker.java:129)
	at org.testng.internal.TestMethodWorker.run(TestMethodWorker.java:112)
	at org.testng.TestRunner.privateRun(TestRunner.java:756)
	at org.testng.TestRunner.run(TestRunner.java:610)
	at org.testng.SuiteRunner.runTest(SuiteRunner.java:387)
	at org.testng.SuiteRunner.runSequentially(SuiteRunner.java:382)
	at org.testng.SuiteRunner.privateRun(SuiteRunner.java:340)
	at org.testng.SuiteRunner.run(SuiteRunner.java:289)
	at org.testng.SuiteRunnerWorker.runSuite(SuiteRunnerWorker.java:52)
	at org.testng.SuiteRunnerWorker.run(SuiteRunnerWorker.java:86)
	at org.testng.TestNG.runSuitesSequentially(TestNG.java:1293)
	at org.testng.TestNG.runSuitesLocally(TestNG.java:1218)
	at org.testng.TestNG.runSuites(TestNG.java:1133)
	at org.testng.TestNG.run(TestNG.java:1104)
	at org.apache.maven.surefire.testng.TestNGExecutor.run(TestNGExecutor.java:132)
	at org.apache.maven.surefire.testng.TestNGDirectoryTestSuite.executeMulti(TestNGDirectoryTestSuite.java:193)
	at org.apache.maven.surefire.testng.TestNGDirectoryTestSuite.execute(TestNGDirectoryTestSuite.java:94)
	at org.apache.maven.surefire.testng.TestNGProvider.invoke(TestNGProvider.java:147)
	at org.apache.maven.surefire.booter.ForkedBooter.invokeProviderInSameClassLoader(ForkedBooter.java:290)
	at org.apache.maven.surefire.booter.ForkedBooter.runSuitesInProcess(ForkedBooter.java:242)
	at org.apache.maven.surefire.booter.ForkedBooter.main(ForkedBooter.java:121)
]]>
            </full-stacktrace>
          </exception> <!-- java.lang.AssertionError -->
          <reporter-output>
          </reporter-output>
        </test-method> <!-- Login_TC_001 -->
        <test-method status="PASS" signature="teardown()[pri:0, instance:com.testcases.loginPageTest@26ba2a48]" name="teardown" is-config="true" duration-ms="146" started-at="2021-12-16T11:53:36Z" finished-at="2021-12-16T11:53:36Z">
          <reporter-output>
          </reporter-output>
        </test-method> <!-- teardown -->
      </class> <!-- com.testcases.loginPageTest -->
      <class name="com.testcases.createProjectPageTest">
        <test-method status="PASS" signature="setup()[pri:0, instance:com.testcases.createProjectPageTest@38082d64]" name="setup" is-config="true" duration-ms="20509" started-at="2021-12-16T11:52:27Z" finished-at="2021-12-16T11:52:47Z">
          <reporter-output>
          </reporter-output>
        </test-method> <!-- setup -->
        <test-method status="FAIL" signature="NewProject(java.lang.String, java.lang.String, java.lang.String, java.lang.String)[pri:0, instance:com.testcases.createProjectPageTest@38082d64]" name="NewProject" duration-ms="755" started-at="2021-12-16T11:52:47Z" data-provider="createproject" finished-at="2021-12-16T11:52:48Z">
          <params>
            <param index="0">
              <value>
                <![CDATA[Vikesh one]]>
              </value>
            </param>
            <param index="1">
              <value>
                <![CDATA[Doing testing to create project]]>
              </value>
            </param>
            <param index="2">
              <value>
                <![CDATA[aaa]]>
              </value>
            </param>
            <param index="3">
              <value>
                <![CDATA[Account]]>
              </value>
            </param>
          </params>
          <exception class="org.openqa.selenium.NoSuchElementException">
            <message>
              <![CDATA[no such element: Unable to locate element: {"method":"xpath","selector":"//li[@class='multiselect-item-checkbox ng-star-inserted']"}
  (Session info: chrome=96.0.4664.110)
For documentation on this error, please visit: https://www.seleniumhq.org/exceptions/no_such_element.html
Build info: version: '3.141.59', revision: 'e82be7d358', time: '2018-11-14T08:17:03'
System info: host: 'DESKTOP-8VB0F45', ip: '192.168.43.23', os.name: 'Windows 10', os.arch: 'amd64', os.version: '10.0', java.version: '1.8.0_311'
Driver info: org.openqa.selenium.chrome.ChromeDriver
Capabilities {acceptInsecureCerts: false, browserName: chrome, browserVersion: 96.0.4664.110, chrome: {chromedriverVersion: 96.0.4664.45 (76e4c1bb2ab46..., userDataDir: C:\Users\Vikesh\AppData\Loc...}, goog:chromeOptions: {debuggerAddress: localhost:49191}, javascriptEnabled: true, networkConnectionEnabled: false, pageLoadStrategy: normal, platform: WINDOWS, platformName: WINDOWS, proxy: Proxy(), setWindowRect: true, strictFileInteractability: false, timeouts: {implicit: 0, pageLoad: 300000, script: 30000}, unhandledPromptBehavior: dismiss and notify, webauthn:extension:credBlob: true, webauthn:extension:largeBlob: true, webauthn:virtualAuthenticators: true}
Session ID: 005157a824c5a9134e2c346579a3a4d7
*** Element info: {Using=xpath, value=//li[@class='multiselect-item-checkbox ng-star-inserted']}]]>
            </message>
            <full-stacktrace>
              <![CDATA[org.openqa.selenium.NoSuchElementException: no such element: Unable to locate element: {"method":"xpath","selector":"//li[@class='multiselect-item-checkbox ng-star-inserted']"}
  (Session info: chrome=96.0.4664.110)
For documentation on this error, please visit: https://www.seleniumhq.org/exceptions/no_such_element.html
Build info: version: '3.141.59', revision: 'e82be7d358', time: '2018-11-14T08:17:03'
System info: host: 'DESKTOP-8VB0F45', ip: '192.168.43.23', os.name: 'Windows 10', os.arch: 'amd64', os.version: '10.0', java.version: '1.8.0_311'
Driver info: org.openqa.selenium.chrome.ChromeDriver
Capabilities {acceptInsecureCerts: false, browserName: chrome, browserVersion: 96.0.4664.110, chrome: {chromedriverVersion: 96.0.4664.45 (76e4c1bb2ab46..., userDataDir: C:\Users\Vikesh\AppData\Loc...}, goog:chromeOptions: {debuggerAddress: localhost:49191}, javascriptEnabled: true, networkConnectionEnabled: false, pageLoadStrategy: normal, platform: WINDOWS, platformName: WINDOWS, proxy: Proxy(), setWindowRect: true, strictFileInteractability: false, timeouts: {implicit: 0, pageLoad: 300000, script: 30000}, unhandledPromptBehavior: dismiss and notify, webauthn:extension:credBlob: true, webauthn:extension:largeBlob: true, webauthn:virtualAuthenticators: true}
Session ID: 005157a824c5a9134e2c346579a3a4d7
*** Element info: {Using=xpath, value=//li[@class='multiselect-item-checkbox ng-star-inserted']}
	at sun.reflect.NativeConstructorAccessorImpl.newInstance0(Native Method)
	at sun.reflect.NativeConstructorAccessorImpl.newInstance(NativeConstructorAccessorImpl.java:62)
	at sun.reflect.DelegatingConstructorAccessorImpl.newInstance(DelegatingConstructorAccessorImpl.java:45)
	at java.lang.reflect.Constructor.newInstance(Constructor.java:423)
	at org.openqa.selenium.remote.http.W3CHttpResponseCodec.createException(W3CHttpResponseCodec.java:187)
	at org.openqa.selenium.remote.http.W3CHttpResponseCodec.decode(W3CHttpResponseCodec.java:122)
	at org.openqa.selenium.remote.http.W3CHttpResponseCodec.decode(W3CHttpResponseCodec.java:49)
	at org.openqa.selenium.remote.HttpCommandExecutor.execute(HttpCommandExecutor.java:158)
	at org.openqa.selenium.remote.service.DriverCommandExecutor.execute(DriverCommandExecutor.java:83)
	at org.openqa.selenium.remote.RemoteWebDriver.execute(RemoteWebDriver.java:552)
	at org.openqa.selenium.remote.RemoteWebDriver.findElement(RemoteWebDriver.java:323)
	at org.openqa.selenium.remote.RemoteWebDriver.findElementByXPath(RemoteWebDriver.java:428)
	at org.openqa.selenium.By$ByXPath.findElement(By.java:353)
	at org.openqa.selenium.remote.RemoteWebDriver.findElement(RemoteWebDriver.java:315)
	at org.openqa.selenium.support.pagefactory.DefaultElementLocator.findElement(DefaultElementLocator.java:69)
	at org.openqa.selenium.support.pagefactory.internal.LocatingElementHandler.invoke(LocatingElementHandler.java:38)
	at com.sun.proxy.$Proxy10.click(Unknown Source)
	at com.TuduApp.pages.createProjectPage.validateselectMemberSearchFirstValue(createProjectPage.java:124)
	at com.testcases.createProjectPageTest.NewProject(createProjectPageTest.java:63)
	at sun.reflect.NativeMethodAccessorImpl.invoke0(Native Method)
	at sun.reflect.NativeMethodAccessorImpl.invoke(NativeMethodAccessorImpl.java:62)
	at sun.reflect.DelegatingMethodAccessorImpl.invoke(DelegatingMethodAccessorImpl.java:43)
	at java.lang.reflect.Method.invoke(Method.java:498)
	at org.testng.internal.MethodInvocationHelper.invokeMethod(MethodInvocationHelper.java:104)
	at org.testng.internal.Invoker.invokeMethod(Invoker.java:645)
	at org.testng.internal.Invoker.invokeTestMethod(Invoker.java:851)
	at org.testng.internal.Invoker.invokeTestMethods(Invoker.java:1177)
	at org.testng.internal.TestMethodWorker.invokeTestMethods(TestMethodWorker.java:129)
	at org.testng.internal.TestMethodWorker.run(TestMethodWorker.java:112)
	at org.testng.TestRunner.privateRun(TestRunner.java:756)
	at org.testng.TestRunner.run(TestRunner.java:610)
	at org.testng.SuiteRunner.runTest(SuiteRunner.java:387)
	at org.testng.SuiteRunner.runSequentially(SuiteRunner.java:382)
	at org.testng.SuiteRunner.privateRun(SuiteRunner.java:340)
	at org.testng.SuiteRunner.run(SuiteRunner.java:289)
	at org.testng.SuiteRunnerWorker.runSuite(SuiteRunnerWorker.java:52)
	at org.testng.SuiteRunnerWorker.run(SuiteRunnerWorker.java:86)
	at org.testng.TestNG.runSuitesSequentially(TestNG.java:1293)
	at org.testng.TestNG.runSuitesLocally(TestNG.java:1218)
	at org.testng.TestNG.runSuites(TestNG.java:1133)
	at org.testng.TestNG.run(TestNG.java:1104)
	at org.apache.maven.surefire.testng.TestNGExecutor.run(TestNGExecutor.java:132)
	at org.apache.maven.surefire.testng.TestNGDirectoryTestSuite.executeMulti(TestNGDirectoryTestSuite.java:193)
	at org.apache.maven.surefire.testng.TestNGDirectoryTestSuite.execute(TestNGDirectoryTestSuite.java:94)
	at org.apache.maven.surefire.testng.TestNGProvider.invoke(TestNGProvider.java:147)
	at org.apache.maven.surefire.booter.ForkedBooter.invokeProviderInSameClassLoader(ForkedBooter.java:290)
	at org.apache.maven.surefire.booter.ForkedBooter.runSuitesInProcess(ForkedBooter.java:242)
	at org.apache.maven.surefire.booter.ForkedBooter.main(ForkedBooter.java:121)
]]>
            </full-stacktrace>
          </exception> <!-- org.openqa.selenium.NoSuchElementException -->
          <reporter-output>
          </reporter-output>
        </test-method> <!-- NewProject -->
        <test-method status="PASS" signature="teardown()[pri:0, instance:com.testcases.createProjectPageTest@38082d64]" name="teardown" is-config="true" duration-ms="263" started-at="2021-12-16T11:52:48Z" finished-at="2021-12-16T11:52:48Z">
          <reporter-output>
          </reporter-output>
        </test-method> <!-- teardown -->
      </class> <!-- com.testcases.createProjectPageTest -->
      <class name="com.testcases.homePageTest">
        <test-method status="PASS" signature="setup()[pri:0, instance:com.testcases.homePageTest@42d3bd8b]" name="setup" is-config="true" duration-ms="6698" started-at="2021-12-16T11:52:56Z" finished-at="2021-12-16T11:53:03Z">
          <reporter-output>
          </reporter-output>
        </test-method> <!-- setup -->
        <test-method status="PASS" signature="homeHeaderSearchBar(java.lang.String)[pri:0, instance:com.testcases.homePageTest@42d3bd8b]" name="homeHeaderSearchBar" duration-ms="9161" started-at="2021-12-16T11:53:03Z" data-provider="HeaderSearch" finished-at="2021-12-16T11:53:12Z">
          <params>
            <param index="0">
              <value>
                <![CDATA[new app]]>
              </value>
            </param>
          </params>
          <reporter-output>
          </reporter-output>
        </test-method> <!-- homeHeaderSearchBar -->
        <test-method status="PASS" signature="teardown()[pri:0, instance:com.testcases.homePageTest@42d3bd8b]" name="teardown" is-config="true" duration-ms="160" started-at="2021-12-16T11:53:12Z" finished-at="2021-12-16T11:53:12Z">
          <reporter-output>
          </reporter-output>
        </test-method> <!-- teardown -->
      </class> <!-- com.testcases.homePageTest -->
      <class name="com.testcases.signUpTest">
        <test-method status="PASS" signature="setup()[pri:0, instance:com.testcases.signUpTest@5f2050f6]" name="setup" is-config="true" duration-ms="5982" started-at="2021-12-16T11:53:36Z" finished-at="2021-12-16T11:53:42Z">
          <reporter-output>
          </reporter-output>
        </test-method> <!-- setup -->
        <test-method status="PASS" signature="signUpDetails(java.lang.String, java.lang.String, java.lang.String, java.lang.String, java.lang.String, java.lang.String, java.lang.String, java.lang.String)[pri:0, instance:com.testcases.signUpTest@5f2050f6]" name="signUpDetails" duration-ms="1200" started-at="2021-12-16T11:53:42Z" data-provider="signup" finished-at="2021-12-16T11:53:44Z">
          <params>
            <param index="0">
              <value>
                <![CDATA[Vikesh]]>
              </value>
            </param>
            <param index="1">
              <value>
                <![CDATA[Patil]]>
              </value>
            </param>
            <param index="2">
              <value>
                <![CDATA[Test One]]>
              </value>
            </param>
            <param index="3">
              <value>
                <![CDATA[testone]]>
              </value>
            </param>
            <param index="4">
              <value>
                <![CDATA[test@gmail.com]]>
              </value>
            </param>
            <param index="5">
              <value>
                <![CDATA[test@gmail.com]]>
              </value>
            </param>
            <param index="6">
              <value>
                <![CDATA[https://www.testone.com]]>
              </value>
            </param>
            <param index="7">
              <value>
                <![CDATA[Pass123$]]>
              </value>
            </param>
          </params>
          <reporter-output>
          </reporter-output>
        </test-method> <!-- signUpDetails -->
        <test-method status="PASS" signature="teardown()[pri:0, instance:com.testcases.signUpTest@5f2050f6]" name="teardown" is-config="true" duration-ms="170" started-at="2021-12-16T11:53:44Z" finished-at="2021-12-16T11:53:44Z">
          <reporter-output>
          </reporter-output>
        </test-method> <!-- teardown -->
        <test-method status="PASS" signature="setup()[pri:0, instance:com.testcases.signUpTest@5f2050f6]" name="setup" is-config="true" duration-ms="6268" started-at="2021-12-16T11:53:44Z" finished-at="2021-12-16T11:53:50Z">
          <reporter-output>
          </reporter-output>
        </test-method> <!-- setup -->
        <test-method status="PASS" signature="signUpDetails(java.lang.String, java.lang.String, java.lang.String, java.lang.String, java.lang.String, java.lang.String, java.lang.String, java.lang.String)[pri:0, instance:com.testcases.signUpTest@5f2050f6]" name="signUpDetails" duration-ms="1167" started-at="2021-12-16T11:53:50Z" data-provider="signup" finished-at="2021-12-16T11:53:51Z">
          <params>
            <param index="0">
              <value>
                <![CDATA[Harshil]]>
              </value>
            </param>
            <param index="1">
              <value>
                <![CDATA[Patil]]>
              </value>
            </param>
            <param index="2">
              <value>
                <![CDATA[Two]]>
              </value>
            </param>
            <param index="3">
              <value>
                <![CDATA[2.0]]>
              </value>
            </param>
            <param index="4">
              <value>
                <![CDATA[2test@gmail.com]]>
              </value>
            </param>
            <param index="5">
              <value>
                <![CDATA[test2@gmail.com]]>
              </value>
            </param>
            <param index="6">
              <value>
                <![CDATA[https://www.test2.com]]>
              </value>
            </param>
            <param index="7">
              <value>
                <![CDATA[Pass123@]]>
              </value>
            </param>
          </params>
          <reporter-output>
          </reporter-output>
        </test-method> <!-- signUpDetails -->
        <test-method status="PASS" signature="teardown()[pri:0, instance:com.testcases.signUpTest@5f2050f6]" name="teardown" is-config="true" duration-ms="136" started-at="2021-12-16T11:53:51Z" finished-at="2021-12-16T11:53:51Z">
          <reporter-output>
          </reporter-output>
        </test-method> <!-- teardown -->
      </class> <!-- com.testcases.signUpTest -->
      <class name="com.testcases.forgotPasswordPageTest">
        <test-method status="PASS" signature="setup()[pri:0, instance:com.testcases.forgotPasswordPageTest@dfd3711]" name="setup" is-config="true" duration-ms="6886" started-at="2021-12-16T11:52:48Z" finished-at="2021-12-16T11:52:55Z">
          <reporter-output>
          </reporter-output>
        </test-method> <!-- setup -->
        <test-method status="PASS" signature="forgotPwdWorkEmail(java.lang.String)[pri:0, instance:com.testcases.forgotPasswordPageTest@dfd3711]" name="forgotPwdWorkEmail" duration-ms="337" started-at="2021-12-16T11:52:55Z" data-provider="forgotPwd" finished-at="2021-12-16T11:52:56Z">
          <params>
            <param index="0">
              <value>
                <![CDATA[test@aimdek.com]]>
              </value>
            </param>
          </params>
          <reporter-output>
          </reporter-output>
        </test-method> <!-- forgotPwdWorkEmail -->
        <test-method status="PASS" signature="teardown()[pri:0, instance:com.testcases.forgotPasswordPageTest@dfd3711]" name="teardown" is-config="true" duration-ms="149" started-at="2021-12-16T11:52:56Z" finished-at="2021-12-16T11:52:56Z">
          <reporter-output>
          </reporter-output>
        </test-method> <!-- teardown -->
      </class> <!-- com.testcases.forgotPasswordPageTest -->
      <class name="com.TestBase.TestBase">
        <test-method status="PASS" signature="loadConfig()[pri:0, instance:com.TestBase.TestBase@2ed94a8b]" name="loadConfig" is-config="true" duration-ms="407" started-at="2021-12-16T11:52:26Z" finished-at="2021-12-16T11:52:26Z">
          <reporter-output>
          </reporter-output>
        </test-method> <!-- loadConfig -->
        <test-method status="PASS" signature="tearDown()[pri:0, instance:com.TestBase.TestBase@2ed94a8b]" name="tearDown" is-config="true" duration-ms="3" started-at="2021-12-16T11:53:51Z" finished-at="2021-12-16T11:53:51Z">
          <reporter-output>
          </reporter-output>
        </test-method> <!-- tearDown -->
      </class> <!-- com.TestBase.TestBase -->
    </test> <!-- Surefire test -->
  </suite> <!-- Surefire suite -->
</testng-results>
